This is pdfTeX, Version 3.14159265-2.6-1.40.16 (TeX Live 2015/Debian) (preloaded format=pdflatex 2018.8.6)  17 SEP 2018 16:24
entering extended mode
 restricted \write18 enabled.
 %&-line parsing enabled.
**main.tex
(./main.tex
LaTeX2e <2016/02/01>
Babel <3.9q> and hyphenation patterns for 5 language(s) loaded.
(/usr/share/texlive/texmf-dist/tex/latex/base/report.cls
Document Class: report 2014/09/29 v1.4h Standard LaTeX document class
(/usr/share/texlive/texmf-dist/tex/latex/base/size11.clo
File: size11.clo 2014/09/29 v1.4h Standard LaTeX file (size option)
)
\c@part=\count79
\c@chapter=\count80
\c@section=\count81
\c@subsection=\count82
\c@subsubsection=\count83
\c@paragraph=\count84
\c@subparagraph=\count85
\c@figure=\count86
\c@table=\count87
\abovecaptionskip=\skip41
\belowcaptionskip=\skip42
\bibindent=\dimen102
)
(/usr/share/texlive/texmf-dist/tex/generic/babel/babel.sty
Package: babel 2016/02/24 3.9q The Babel package

(/usr/share/texlive/texmf-dist/tex/generic/babel-english/english.ldf
Language: english 2012/08/20 v3.3p English support from the babel system

(/usr/share/texlive/texmf-dist/tex/generic/babel/babel.def
File: babel.def 2016/02/24 3.9q Babel common definitions
\babel@savecnt=\count88
\U@D=\dimen103
)
\l@canadian = a dialect from \language\l@american 
\l@australian = a dialect from \language\l@british 
\l@newzealand = a dialect from \language\l@british 
))
(/usr/share/texlive/texmf-dist/tex/latex/base/inputenc.sty
Package: inputenc 2015/03/17 v1.2c Input encoding file
\inpenc@prehook=\toks14
\inpenc@posthook=\toks15

(/usr/share/texlive/texmf-dist/tex/latex/ucs/utf8x.def
File: utf8x.def 2004/10/17 UCS: Input encoding UTF-8
))
(/usr/share/texlive/texmf-dist/tex/latex/ucs/ucs.sty
Package: ucs 2013/05/11 v2.2 UCS: Unicode input support

(/usr/share/texlive/texmf-dist/tex/latex/ucs/data/uni-global.def
File: uni-global.def 2013/05/13 UCS: Unicode global data
)
\uc@secondtry=\count89
\uc@combtoks=\toks16
\uc@combtoksb=\toks17
\uc@temptokena=\toks18
)
(/usr/share/texlive/texmf-dist/tex/latex/base/fontenc.sty
Package: fontenc 2005/09/27 v1.99g Standard LaTeX package

(/usr/share/texlive/texmf-dist/tex/latex/base/t1enc.def
File: t1enc.def 2005/09/27 v1.99g Standard LaTeX file
LaTeX Font Info:    Redeclaring font encoding T1 on input line 48.
))
(/usr/share/texlive/texmf-dist/tex/latex/graphics/graphicx.sty
Package: graphicx 2014/10/28 v1.0g Enhanced LaTeX Graphics (DPC,SPQR)

(/usr/share/texlive/texmf-dist/tex/latex/graphics/keyval.sty
Package: keyval 2014/10/28 v1.15 key=value parser (DPC)
\KV@toks@=\toks19
)
(/usr/share/texlive/texmf-dist/tex/latex/graphics/graphics.sty
Package: graphics 2016/01/03 v1.0q Standard LaTeX Graphics (DPC,SPQR)

(/usr/share/texlive/texmf-dist/tex/latex/graphics/trig.sty
Package: trig 2016/01/03 v1.10 sin cos tan (DPC)
)
(/usr/share/texlive/texmf-dist/tex/latex/latexconfig/graphics.cfg
File: graphics.cfg 2010/04/23 v1.9 graphics configuration of TeX Live
)
Package graphics Info: Driver file: pdftex.def on input line 95.

(/usr/share/texlive/texmf-dist/tex/latex/pdftex-def/pdftex.def
File: pdftex.def 2011/05/27 v0.06d Graphics/color for pdfTeX

(/usr/share/texlive/texmf-dist/tex/generic/oberdiek/infwarerr.sty
Package: infwarerr 2010/04/08 v1.3 Providing info/warning/error messages (HO)
)
(/usr/share/texlive/texmf-dist/tex/generic/oberdiek/ltxcmds.sty
Package: ltxcmds 2011/11/09 v1.22 LaTeX kernel commands for general use (HO)
)
\Gread@gobject=\count90
))
\Gin@req@height=\dimen104
\Gin@req@width=\dimen105
)
(/usr/share/texlive/texmf-dist/tex/latex/amsfonts/amsfonts.sty
Package: amsfonts 2013/01/14 v3.01 Basic AMSFonts support
\@emptytoks=\toks20
\symAMSa=\mathgroup4
\symAMSb=\mathgroup5
LaTeX Font Info:    Overwriting math alphabet `\mathfrak' in version `bold'
(Font)                  U/euf/m/n --> U/euf/b/n on input line 106.
)
(/usr/share/texlive/texmf-dist/tex/latex/doublestroke/dsfont.sty
Package: dsfont 1995/08/01 v0.1 Double stroke roman fonts
)
(/usr/share/texlive/texmf-dist/tex/latex/tools/bm.sty
Package: bm 2014/10/28 v1.1c Bold Symbol Support (DPC/FMi)
\symboldoperators=\mathgroup6
\symboldletters=\mathgroup7
\symboldsymbols=\mathgroup8
LaTeX Font Info:    Redeclaring math alphabet \mathbf on input line 141.
LaTeX Info: Redefining \bm on input line 207.
)
(/usr/share/texlive/texmf-dist/tex/latex/geometry/geometry.sty
Package: geometry 2010/09/12 v5.6 Page Geometry

(/usr/share/texlive/texmf-dist/tex/generic/oberdiek/ifpdf.sty
Package: ifpdf 2011/01/30 v2.3 Provides the ifpdf switch (HO)
Package ifpdf Info: pdfTeX in PDF mode is detected.
)
(/usr/share/texlive/texmf-dist/tex/generic/oberdiek/ifvtex.sty
Package: ifvtex 2010/03/01 v1.5 Detect VTeX and its facilities (HO)
Package ifvtex Info: VTeX not detected.
)
(/usr/share/texlive/texmf-dist/tex/generic/ifxetex/ifxetex.sty
Package: ifxetex 2010/09/12 v0.6 Provides ifxetex conditional
)
\Gm@cnth=\count91
\Gm@cntv=\count92
\c@Gm@tempcnt=\count93
\Gm@bindingoffset=\dimen106
\Gm@wd@mp=\dimen107
\Gm@odd@mp=\dimen108
\Gm@even@mp=\dimen109
\Gm@layoutwidth=\dimen110
\Gm@layoutheight=\dimen111
\Gm@layouthoffset=\dimen112
\Gm@layoutvoffset=\dimen113
\Gm@dimlist=\toks21
)
(/usr/share/texlive/texmf-dist/tex/latex/amsmath/amsmath.sty
Package: amsmath 2016/03/03 v2.15a AMS math features
\@mathmargin=\skip43

For additional information on amsmath, use the `?' option.
(/usr/share/texlive/texmf-dist/tex/latex/amsmath/amstext.sty
Package: amstext 2000/06/29 v2.01 AMS text

(/usr/share/texlive/texmf-dist/tex/latex/amsmath/amsgen.sty
File: amsgen.sty 1999/11/30 v2.0 generic functions
\@emptytoks=\toks22
\ex@=\dimen114
))
(/usr/share/texlive/texmf-dist/tex/latex/amsmath/amsbsy.sty
Package: amsbsy 1999/11/29 v1.2d Bold Symbols
LaTeX Info: Redefining \boldsymbol on input line 28.
\pmbraise@=\dimen115
)
(/usr/share/texlive/texmf-dist/tex/latex/amsmath/amsopn.sty
Package: amsopn 1999/12/14 v2.01 operator names
)
\inf@bad=\count94
LaTeX Info: Redefining \frac on input line 199.
\uproot@=\count95
\leftroot@=\count96
LaTeX Info: Redefining \overline on input line 297.
\classnum@=\count97
\DOTSCASE@=\count98
LaTeX Info: Redefining \ldots on input line 394.
LaTeX Info: Redefining \dots on input line 397.
LaTeX Info: Redefining \cdots on input line 518.
\Mathstrutbox@=\box26
\strutbox@=\box27
\big@size=\dimen116
LaTeX Font Info:    Redeclaring font encoding OML on input line 630.
LaTeX Font Info:    Redeclaring font encoding OMS on input line 631.
\macc@depth=\count99
\c@MaxMatrixCols=\count100
\dotsspace@=\muskip10
\c@parentequation=\count101
\dspbrk@lvl=\count102
\tag@help=\toks23
\row@=\count103
\column@=\count104
\maxfields@=\count105
\andhelp@=\toks24
\eqnshift@=\dimen117
\alignsep@=\dimen118
\tagshift@=\dimen119
\tagwidth@=\dimen120
\totwidth@=\dimen121
\lineht@=\dimen122
\@envbody=\toks25
\multlinegap=\skip44
\multlinetaggap=\skip45
\mathdisplay@stack=\toks26
LaTeX Info: Redefining \[ on input line 2735.
LaTeX Info: Redefining \] on input line 2736.
)
(/usr/share/texlive/texmf-dist/tex/latex/todonotes/todonotes.sty
Package: todonotes 2015/07/09 .dtx Todonotes source and documentation.
Package: todonotes 2012/07/25

(/usr/share/texlive/texmf-dist/tex/latex/base/ifthen.sty
Package: ifthen 2014/09/29 v1.1c Standard LaTeX ifthen package (DPC)
)
(/usr/share/texlive/texmf-dist/tex/latex/xkeyval/xkeyval.sty
Package: xkeyval 2014/12/03 v2.7a package option processing (HA)

(/usr/share/texlive/texmf-dist/tex/generic/xkeyval/xkeyval.tex
(/usr/share/texlive/texmf-dist/tex/generic/xkeyval/xkvutils.tex
\XKV@toks=\toks27
\XKV@tempa@toks=\toks28
)
\XKV@depth=\count106
File: xkeyval.tex 2014/12/03 v2.7a key=value parser (HA)
))
(/usr/share/texlive/texmf-dist/tex/latex/xcolor/xcolor.sty
Package: xcolor 2007/01/21 v2.11 LaTeX color extensions (UK)

(/usr/share/texlive/texmf-dist/tex/latex/latexconfig/color.cfg
File: color.cfg 2007/01/18 v1.5 color configuration of teTeX/TeXLive
)
Package xcolor Info: Driver file: pdftex.def on input line 225.
Package xcolor Info: Model `cmy' substituted by `cmy0' on input line 1337.
Package xcolor Info: Model `hsb' substituted by `rgb' on input line 1341.
Package xcolor Info: Model `RGB' extended on input line 1353.
Package xcolor Info: Model `HTML' substituted by `rgb' on input line 1355.
Package xcolor Info: Model `Hsb' substituted by `hsb' on input line 1356.
Package xcolor Info: Model `tHsb' substituted by `hsb' on input line 1357.
Package xcolor Info: Model `HSB' substituted by `hsb' on input line 1358.
Package xcolor Info: Model `Gray' substituted by `gray' on input line 1359.
Package xcolor Info: Model `wave' substituted by `hsb' on input line 1360.
)
(/usr/share/texlive/texmf-dist/tex/latex/pgf/frontendlayer/tikz.sty
(/usr/share/texlive/texmf-dist/tex/latex/pgf/basiclayer/pgf.sty
(/usr/share/texlive/texmf-dist/tex/latex/pgf/utilities/pgfrcs.sty
(/usr/share/texlive/texmf-dist/tex/generic/pgf/utilities/pgfutil-common.tex
\pgfutil@everybye=\toks29
\pgfutil@tempdima=\dimen123
\pgfutil@tempdimb=\dimen124

(/usr/share/texlive/texmf-dist/tex/generic/pgf/utilities/pgfutil-common-lists.t
ex)) (/usr/share/texlive/texmf-dist/tex/generic/pgf/utilities/pgfutil-latex.def
\pgfutil@abb=\box28
(/usr/share/texlive/texmf-dist/tex/latex/ms/everyshi.sty
Package: everyshi 2001/05/15 v3.00 EveryShipout Package (MS)
))
(/usr/share/texlive/texmf-dist/tex/generic/pgf/utilities/pgfrcs.code.tex
Package: pgfrcs 2015/08/07 v3.0.1a (rcs-revision 1.31)
))
Package: pgf 2015/08/07 v3.0.1a (rcs-revision 1.15)

(/usr/share/texlive/texmf-dist/tex/latex/pgf/basiclayer/pgfcore.sty
(/usr/share/texlive/texmf-dist/tex/latex/pgf/systemlayer/pgfsys.sty
(/usr/share/texlive/texmf-dist/tex/generic/pgf/systemlayer/pgfsys.code.tex
Package: pgfsys 2014/07/09 v3.0.1a (rcs-revision 1.48)

(/usr/share/texlive/texmf-dist/tex/generic/pgf/utilities/pgfkeys.code.tex
\pgfkeys@pathtoks=\toks30
\pgfkeys@temptoks=\toks31

(/usr/share/texlive/texmf-dist/tex/generic/pgf/utilities/pgfkeysfiltered.code.t
ex
\pgfkeys@tmptoks=\toks32
))
\pgf@x=\dimen125
\pgf@y=\dimen126
\pgf@xa=\dimen127
\pgf@ya=\dimen128
\pgf@xb=\dimen129
\pgf@yb=\dimen130
\pgf@xc=\dimen131
\pgf@yc=\dimen132
\w@pgf@writea=\write3
\r@pgf@reada=\read1
\c@pgf@counta=\count107
\c@pgf@countb=\count108
\c@pgf@countc=\count109
\c@pgf@countd=\count110
\t@pgf@toka=\toks33
\t@pgf@tokb=\toks34
\t@pgf@tokc=\toks35
 (/usr/share/texlive/texmf-dist/tex/generic/pgf/systemlayer/pgf.cfg
File: pgf.cfg 2008/05/14  (rcs-revision 1.7)
)
Driver file for pgf: pgfsys-pdftex.def

(/usr/share/texlive/texmf-dist/tex/generic/pgf/systemlayer/pgfsys-pdftex.def
File: pgfsys-pdftex.def 2014/10/11  (rcs-revision 1.35)

(/usr/share/texlive/texmf-dist/tex/generic/pgf/systemlayer/pgfsys-common-pdf.de
f
File: pgfsys-common-pdf.def 2013/10/10  (rcs-revision 1.13)
)))
(/usr/share/texlive/texmf-dist/tex/generic/pgf/systemlayer/pgfsyssoftpath.code.
tex
File: pgfsyssoftpath.code.tex 2013/09/09  (rcs-revision 1.9)
\pgfsyssoftpath@smallbuffer@items=\count111
\pgfsyssoftpath@bigbuffer@items=\count112
)
(/usr/share/texlive/texmf-dist/tex/generic/pgf/systemlayer/pgfsysprotocol.code.
tex
File: pgfsysprotocol.code.tex 2006/10/16  (rcs-revision 1.4)
))
(/usr/share/texlive/texmf-dist/tex/generic/pgf/basiclayer/pgfcore.code.tex
Package: pgfcore 2010/04/11 v3.0.1a (rcs-revision 1.7)

(/usr/share/texlive/texmf-dist/tex/generic/pgf/math/pgfmath.code.tex
(/usr/share/texlive/texmf-dist/tex/generic/pgf/math/pgfmathcalc.code.tex
(/usr/share/texlive/texmf-dist/tex/generic/pgf/math/pgfmathutil.code.tex)
(/usr/share/texlive/texmf-dist/tex/generic/pgf/math/pgfmathparser.code.tex
\pgfmath@dimen=\dimen133
\pgfmath@count=\count113
\pgfmath@box=\box29
\pgfmath@toks=\toks36
\pgfmath@stack@operand=\toks37
\pgfmath@stack@operation=\toks38
)
(/usr/share/texlive/texmf-dist/tex/generic/pgf/math/pgfmathfunctions.code.tex
(/usr/share/texlive/texmf-dist/tex/generic/pgf/math/pgfmathfunctions.basic.code
.tex)
(/usr/share/texlive/texmf-dist/tex/generic/pgf/math/pgfmathfunctions.trigonomet
ric.code.tex)
(/usr/share/texlive/texmf-dist/tex/generic/pgf/math/pgfmathfunctions.random.cod
e.tex)
(/usr/share/texlive/texmf-dist/tex/generic/pgf/math/pgfmathfunctions.comparison
.code.tex)
(/usr/share/texlive/texmf-dist/tex/generic/pgf/math/pgfmathfunctions.base.code.
tex)
(/usr/share/texlive/texmf-dist/tex/generic/pgf/math/pgfmathfunctions.round.code
.tex)
(/usr/share/texlive/texmf-dist/tex/generic/pgf/math/pgfmathfunctions.misc.code.
tex)
(/usr/share/texlive/texmf-dist/tex/generic/pgf/math/pgfmathfunctions.integerari
thmetics.code.tex)))
(/usr/share/texlive/texmf-dist/tex/generic/pgf/math/pgfmathfloat.code.tex
\c@pgfmathroundto@lastzeros=\count114
))
(/usr/share/texlive/texmf-dist/tex/generic/pgf/basiclayer/pgfcorepoints.code.te
x
File: pgfcorepoints.code.tex 2013/10/07  (rcs-revision 1.27)
\pgf@picminx=\dimen134
\pgf@picmaxx=\dimen135
\pgf@picminy=\dimen136
\pgf@picmaxy=\dimen137
\pgf@pathminx=\dimen138
\pgf@pathmaxx=\dimen139
\pgf@pathminy=\dimen140
\pgf@pathmaxy=\dimen141
\pgf@xx=\dimen142
\pgf@xy=\dimen143
\pgf@yx=\dimen144
\pgf@yy=\dimen145
\pgf@zx=\dimen146
\pgf@zy=\dimen147
)
(/usr/share/texlive/texmf-dist/tex/generic/pgf/basiclayer/pgfcorepathconstruct.
code.tex
File: pgfcorepathconstruct.code.tex 2013/10/07  (rcs-revision 1.29)
\pgf@path@lastx=\dimen148
\pgf@path@lasty=\dimen149
)
(/usr/share/texlive/texmf-dist/tex/generic/pgf/basiclayer/pgfcorepathusage.code
.tex
File: pgfcorepathusage.code.tex 2014/11/02  (rcs-revision 1.24)
\pgf@shorten@end@additional=\dimen150
\pgf@shorten@start@additional=\dimen151
)
(/usr/share/texlive/texmf-dist/tex/generic/pgf/basiclayer/pgfcorescopes.code.te
x
File: pgfcorescopes.code.tex 2015/05/08  (rcs-revision 1.46)
\pgfpic=\box30
\pgf@hbox=\box31
\pgf@layerbox@main=\box32
\pgf@picture@serial@count=\count115
)
(/usr/share/texlive/texmf-dist/tex/generic/pgf/basiclayer/pgfcoregraphicstate.c
ode.tex
File: pgfcoregraphicstate.code.tex 2014/11/02  (rcs-revision 1.12)
\pgflinewidth=\dimen152
)
(/usr/share/texlive/texmf-dist/tex/generic/pgf/basiclayer/pgfcoretransformation
s.code.tex
File: pgfcoretransformations.code.tex 2015/08/07  (rcs-revision 1.20)
\pgf@pt@x=\dimen153
\pgf@pt@y=\dimen154
\pgf@pt@temp=\dimen155
)
(/usr/share/texlive/texmf-dist/tex/generic/pgf/basiclayer/pgfcorequick.code.tex
File: pgfcorequick.code.tex 2008/10/09  (rcs-revision 1.3)
)
(/usr/share/texlive/texmf-dist/tex/generic/pgf/basiclayer/pgfcoreobjects.code.t
ex
File: pgfcoreobjects.code.tex 2006/10/11  (rcs-revision 1.2)
)
(/usr/share/texlive/texmf-dist/tex/generic/pgf/basiclayer/pgfcorepathprocessing
.code.tex
File: pgfcorepathprocessing.code.tex 2013/09/09  (rcs-revision 1.9)
)
(/usr/share/texlive/texmf-dist/tex/generic/pgf/basiclayer/pgfcorearrows.code.te
x
File: pgfcorearrows.code.tex 2015/05/14  (rcs-revision 1.43)
\pgfarrowsep=\dimen156
)
(/usr/share/texlive/texmf-dist/tex/generic/pgf/basiclayer/pgfcoreshade.code.tex
File: pgfcoreshade.code.tex 2013/07/15  (rcs-revision 1.15)
\pgf@max=\dimen157
\pgf@sys@shading@range@num=\count116
)
(/usr/share/texlive/texmf-dist/tex/generic/pgf/basiclayer/pgfcoreimage.code.tex
File: pgfcoreimage.code.tex 2013/07/15  (rcs-revision 1.18)

(/usr/share/texlive/texmf-dist/tex/generic/pgf/basiclayer/pgfcoreexternal.code.
tex
File: pgfcoreexternal.code.tex 2014/07/09  (rcs-revision 1.21)
\pgfexternal@startupbox=\box33
))
(/usr/share/texlive/texmf-dist/tex/generic/pgf/basiclayer/pgfcorelayers.code.te
x
File: pgfcorelayers.code.tex 2013/07/18  (rcs-revision 1.7)
)
(/usr/share/texlive/texmf-dist/tex/generic/pgf/basiclayer/pgfcoretransparency.c
ode.tex
File: pgfcoretransparency.code.tex 2013/09/30  (rcs-revision 1.5)
)
(/usr/share/texlive/texmf-dist/tex/generic/pgf/basiclayer/pgfcorepatterns.code.
tex
File: pgfcorepatterns.code.tex 2013/11/07  (rcs-revision 1.5)
)))
(/usr/share/texlive/texmf-dist/tex/generic/pgf/modules/pgfmoduleshapes.code.tex
File: pgfmoduleshapes.code.tex 2014/03/21  (rcs-revision 1.35)
\pgfnodeparttextbox=\box34
) (/usr/share/texlive/texmf-dist/tex/generic/pgf/modules/pgfmoduleplot.code.tex
File: pgfmoduleplot.code.tex 2015/08/03  (rcs-revision 1.13)
)
(/usr/share/texlive/texmf-dist/tex/latex/pgf/compatibility/pgfcomp-version-0-65
.sty
Package: pgfcomp-version-0-65 2007/07/03 v3.0.1a (rcs-revision 1.7)
\pgf@nodesepstart=\dimen158
\pgf@nodesepend=\dimen159
)
(/usr/share/texlive/texmf-dist/tex/latex/pgf/compatibility/pgfcomp-version-1-18
.sty
Package: pgfcomp-version-1-18 2007/07/23 v3.0.1a (rcs-revision 1.1)
)) (/usr/share/texlive/texmf-dist/tex/latex/pgf/utilities/pgffor.sty
(/usr/share/texlive/texmf-dist/tex/latex/pgf/utilities/pgfkeys.sty
(/usr/share/texlive/texmf-dist/tex/generic/pgf/utilities/pgfkeys.code.tex))
(/usr/share/texlive/texmf-dist/tex/latex/pgf/math/pgfmath.sty
(/usr/share/texlive/texmf-dist/tex/generic/pgf/math/pgfmath.code.tex))
(/usr/share/texlive/texmf-dist/tex/generic/pgf/utilities/pgffor.code.tex
Package: pgffor 2013/12/13 v3.0.1a (rcs-revision 1.25)

(/usr/share/texlive/texmf-dist/tex/generic/pgf/math/pgfmath.code.tex)
\pgffor@iter=\dimen160
\pgffor@skip=\dimen161
\pgffor@stack=\toks39
\pgffor@toks=\toks40
))
(/usr/share/texlive/texmf-dist/tex/generic/pgf/frontendlayer/tikz/tikz.code.tex
Package: tikz 2015/08/07 v3.0.1a (rcs-revision 1.151)

(/usr/share/texlive/texmf-dist/tex/generic/pgf/libraries/pgflibraryplothandlers
.code.tex
File: pgflibraryplothandlers.code.tex 2013/08/31 v3.0.1a (rcs-revision 1.20)
\pgf@plot@mark@count=\count117
\pgfplotmarksize=\dimen162
)
\tikz@lastx=\dimen163
\tikz@lasty=\dimen164
\tikz@lastxsaved=\dimen165
\tikz@lastysaved=\dimen166
\tikzleveldistance=\dimen167
\tikzsiblingdistance=\dimen168
\tikz@figbox=\box35
\tikz@figbox@bg=\box36
\tikz@tempbox=\box37
\tikz@tempbox@bg=\box38
\tikztreelevel=\count118
\tikznumberofchildren=\count119
\tikznumberofcurrentchild=\count120
\tikz@fig@count=\count121

(/usr/share/texlive/texmf-dist/tex/generic/pgf/modules/pgfmodulematrix.code.tex
File: pgfmodulematrix.code.tex 2013/09/17  (rcs-revision 1.8)
\pgfmatrixcurrentrow=\count122
\pgfmatrixcurrentcolumn=\count123
\pgf@matrix@numberofcolumns=\count124
)
\tikz@expandcount=\count125

(/usr/share/texlive/texmf-dist/tex/generic/pgf/frontendlayer/tikz/libraries/tik
zlibrarytopaths.code.tex
File: tikzlibrarytopaths.code.tex 2008/06/17 v3.0.1a (rcs-revision 1.2)
)))
(/usr/share/texlive/texmf-dist/tex/generic/pgf/frontendlayer/tikz/libraries/tik
zlibrarypositioning.code.tex
File: tikzlibrarypositioning.code.tex 2008/10/06 v3.0.1a (rcs-revision 1.7)
)
(/usr/share/texlive/texmf-dist/tex/latex/tools/calc.sty
Package: calc 2014/10/28 v4.3 Infix arithmetic (KKT,FJ)
\calc@Acount=\count126
\calc@Bcount=\count127
\calc@Adimen=\dimen169
\calc@Bdimen=\dimen170
\calc@Askip=\skip46
\calc@Bskip=\skip47
LaTeX Info: Redefining \setlength on input line 80.
LaTeX Info: Redefining \addtolength on input line 81.
\calc@Ccount=\count128
\calc@Cskip=\skip48
)
\c@@todonotes@numberoftodonotes=\count129
)
(/usr/share/texlive/texmf-dist/tex/latex/hyperref/hyperref.sty
Package: hyperref 2012/11/06 v6.83m Hypertext links for LaTeX

(/usr/share/texlive/texmf-dist/tex/generic/oberdiek/hobsub-hyperref.sty
Package: hobsub-hyperref 2012/05/28 v1.13 Bundle oberdiek, subset hyperref (HO)


(/usr/share/texlive/texmf-dist/tex/generic/oberdiek/hobsub-generic.sty
Package: hobsub-generic 2012/05/28 v1.13 Bundle oberdiek, subset generic (HO)
Package: hobsub 2012/05/28 v1.13 Construct package bundles (HO)
Package hobsub Info: Skipping package `infwarerr' (already loaded).
Package hobsub Info: Skipping package `ltxcmds' (already loaded).
Package: ifluatex 2010/03/01 v1.3 Provides the ifluatex switch (HO)
Package ifluatex Info: LuaTeX not detected.
Package hobsub Info: Skipping package `ifvtex' (already loaded).
Package: intcalc 2007/09/27 v1.1 Expandable calculations with integers (HO)
Package hobsub Info: Skipping package `ifpdf' (already loaded).
Package: etexcmds 2011/02/16 v1.5 Avoid name clashes with e-TeX commands (HO)
Package etexcmds Info: Could not find \expanded.
(etexcmds)             That can mean that you are not using pdfTeX 1.50 or
(etexcmds)             that some package has redefined \expanded.
(etexcmds)             In the latter case, load this package earlier.
Package: kvsetkeys 2012/04/25 v1.16 Key value parser (HO)
Package: kvdefinekeys 2011/04/07 v1.3 Define keys (HO)
Package: pdftexcmds 2011/11/29 v0.20 Utility functions of pdfTeX for LuaTeX (HO
)
Package pdftexcmds Info: LuaTeX not detected.
Package pdftexcmds Info: \pdf@primitive is available.
Package pdftexcmds Info: \pdf@ifprimitive is available.
Package pdftexcmds Info: \pdfdraftmode found.
Package: pdfescape 2011/11/25 v1.13 Implements pdfTeX's escape features (HO)
Package: bigintcalc 2012/04/08 v1.3 Expandable calculations on big integers (HO
)
Package: bitset 2011/01/30 v1.1 Handle bit-vector datatype (HO)
Package: uniquecounter 2011/01/30 v1.2 Provide unlimited unique counter (HO)
)
Package hobsub Info: Skipping package `hobsub' (already loaded).
Package: letltxmacro 2010/09/02 v1.4 Let assignment for LaTeX macros (HO)
Package: hopatch 2012/05/28 v1.2 Wrapper for package hooks (HO)
Package: xcolor-patch 2011/01/30 xcolor patch
Package: atveryend 2011/06/30 v1.8 Hooks at the very end of document (HO)
Package atveryend Info: \enddocument detected (standard20110627).
Package: atbegshi 2011/10/05 v1.16 At begin shipout hook (HO)
Package: refcount 2011/10/16 v3.4 Data extraction from label references (HO)
Package: hycolor 2011/01/30 v1.7 Color options for hyperref/bookmark (HO)
)
(/usr/share/texlive/texmf-dist/tex/latex/oberdiek/auxhook.sty
Package: auxhook 2011/03/04 v1.3 Hooks for auxiliary files (HO)
)
(/usr/share/texlive/texmf-dist/tex/latex/oberdiek/kvoptions.sty
Package: kvoptions 2011/06/30 v3.11 Key value format for package options (HO)
)
\@linkdim=\dimen171
\Hy@linkcounter=\count130
\Hy@pagecounter=\count131

(/usr/share/texlive/texmf-dist/tex/latex/hyperref/pd1enc.def
File: pd1enc.def 2012/11/06 v6.83m Hyperref: PDFDocEncoding definition (HO)
)
\Hy@SavedSpaceFactor=\count132

(/usr/share/texlive/texmf-dist/tex/latex/latexconfig/hyperref.cfg
File: hyperref.cfg 2002/06/06 v1.2 hyperref configuration of TeXLive
)
Package hyperref Info: Option `colorlinks' set `true' on input line 4319.
Package hyperref Info: Hyper figures OFF on input line 4443.
Package hyperref Info: Link nesting OFF on input line 4448.
Package hyperref Info: Hyper index ON on input line 4451.
Package hyperref Info: Plain pages OFF on input line 4458.
Package hyperref Info: Backreferencing OFF on input line 4463.
Package hyperref Info: Implicit mode ON; LaTeX internals redefined.
Package hyperref Info: Bookmarks ON on input line 4688.
\c@Hy@tempcnt=\count133

(/usr/share/texlive/texmf-dist/tex/latex/url/url.sty
\Urlmuskip=\muskip11
Package: url 2013/09/16  ver 3.4  Verb mode for urls, etc.
)
LaTeX Info: Redefining \url on input line 5041.
\XeTeXLinkMargin=\dimen172
\Fld@menulength=\count134
\Field@Width=\dimen173
\Fld@charsize=\dimen174
Package hyperref Info: Hyper figures OFF on input line 6295.
Package hyperref Info: Link nesting OFF on input line 6300.
Package hyperref Info: Hyper index ON on input line 6303.
Package hyperref Info: backreferencing OFF on input line 6310.
Package hyperref Info: Link coloring ON on input line 6313.
Package hyperref Info: Link coloring with OCG OFF on input line 6320.
Package hyperref Info: PDF/A mode OFF on input line 6325.
LaTeX Info: Redefining \ref on input line 6365.
LaTeX Info: Redefining \pageref on input line 6369.
\Hy@abspage=\count135
\c@Item=\count136
\c@Hfootnote=\count137
)

Package hyperref Message: Driver (autodetected): hpdftex.

(/usr/share/texlive/texmf-dist/tex/latex/hyperref/hpdftex.def
File: hpdftex.def 2012/11/06 v6.83m Hyperref driver for pdfTeX
\Fld@listcount=\count138
\c@bookmark@seq@number=\count139

(/usr/share/texlive/texmf-dist/tex/latex/oberdiek/rerunfilecheck.sty
Package: rerunfilecheck 2011/04/15 v1.7 Rerun checks for auxiliary files (HO)
Package uniquecounter Info: New unique counter `rerunfilecheck' on input line 2
82.
)
\Hy@SectionHShift=\skip49
)
(/usr/share/texlive/texmf-dist/tex/latex/braket/braket.sty)
(/usr/share/texlive/texmf-dist/tex/latex/caption/caption.sty
Package: caption 2016/02/21 v3.3-144 Customizing captions (AR)

(/usr/share/texlive/texmf-dist/tex/latex/caption/caption3.sty
Package: caption3 2016/02/04 v1.7-139 caption3 kernel (AR)
Package caption3 Info: TeX engine: e-TeX on input line 67.
\captionmargin=\dimen175
\captionmargin@=\dimen176
\captionwidth=\dimen177
\caption@tempdima=\dimen178
\caption@indent=\dimen179
\caption@parindent=\dimen180
\caption@hangindent=\dimen181
)
\c@ContinuedFloat=\count140
Package caption Info: hyperref package is loaded.
)
(/usr/share/texlive/texmf-dist/tex/latex/algorithms/algorithm.sty
Package: algorithm 2009/08/24 v0.1 Document Style `algorithm' - floating enviro
nment

(/usr/share/texlive/texmf-dist/tex/latex/float/float.sty
Package: float 2001/11/08 v1.3d Float enhancements (AL)
\c@float@type=\count141
\float@exts=\toks41
\float@box=\box39
\@float@everytoks=\toks42
\@floatcapt=\box40
)
\@float@every@algorithm=\toks43
\c@algorithm=\count142
)
(/usr/share/texlive/texmf-dist/tex/latex/algorithmicx/algpseudocode.sty
Package: algpseudocode 

(/usr/share/texlive/texmf-dist/tex/latex/algorithmicx/algorithmicx.sty
Package: algorithmicx 2005/04/27 v1.2 Algorithmicx

Document Style algorithmicx 1.2 - a greatly improved `algorithmic' style
\c@ALG@line=\count143
\c@ALG@rem=\count144
\c@ALG@nested=\count145
\ALG@tlm=\skip50
\ALG@thistlm=\skip51
\c@ALG@Lnr=\count146
\c@ALG@blocknr=\count147
\c@ALG@storecount=\count148
\c@ALG@tmpcounter=\count149
\ALG@tmplength=\skip52
)
Document Style - pseudocode environments for use with the `algorithmicx' style
) (/usr/share/texlive/texmf-dist/tex/latex/caption/subcaption.sty
Package: subcaption 2016/02/20 v1.1-142 Sub-captions (AR)
\c@subfigure=\count150
\c@subtable=\count151
)
(/usr/share/texlive/texmf-dist/tex/latex/appendix/appendix.sty
Package: appendix 2009/09/02 v1.2b extra appendix facilities
\c@@pps=\count152
\c@@ppsavesec=\count153
\c@@ppsaveapp=\count154
)
(/usr/share/texlive/texmf-dist/tex/latex/tools/xspace.sty
Package: xspace 2014/10/28 v1.13 Space after command names (DPC,MH)
)
LaTeX Info: Redefining \wp on input line 33.

(/usr/share/texlive/texmf-dist/tex/latex/amscls/amsthm.sty
Package: amsthm 2015/03/04 v2.20.2
\thm@style=\toks44
\thm@bodyfont=\toks45
\thm@headfont=\toks46
\thm@notefont=\toks47
\thm@headpunct=\toks48
\thm@preskip=\skip53
\thm@postskip=\skip54
\thm@headsep=\skip55
\dth@everypar=\toks49
)
\c@definition=\count155
\c@theorem=\count156
\c@prop=\count157
\c@ass=\count158
\c@coroll=\count159
\c@lemma=\count160
\c@example=\count161
 (./main.aux)
\openout1 = `main.aux'.

LaTeX Font Info:    Checking defaults for OML/cmm/m/it on input line 66.
LaTeX Font Info:    ... okay on input line 66.
LaTeX Font Info:    Checking defaults for T1/cmr/m/n on input line 66.
LaTeX Font Info:    ... okay on input line 66.
LaTeX Font Info:    Checking defaults for OT1/cmr/m/n on input line 66.
LaTeX Font Info:    ... okay on input line 66.
LaTeX Font Info:    Checking defaults for OMS/cmsy/m/n on input line 66.
LaTeX Font Info:    ... okay on input line 66.
LaTeX Font Info:    Checking defaults for OMX/cmex/m/n on input line 66.
LaTeX Font Info:    ... okay on input line 66.
LaTeX Font Info:    Checking defaults for U/cmr/m/n on input line 66.
LaTeX Font Info:    ... okay on input line 66.
LaTeX Font Info:    Checking defaults for PD1/pdf/m/n on input line 66.
LaTeX Font Info:    ... okay on input line 66.

(/usr/share/texlive/texmf-dist/tex/latex/ucs/ucsencs.def
File: ucsencs.def 2011/01/21 Fixes to fontencodings LGR, T3
)
(/usr/share/texlive/texmf-dist/tex/context/base/supp-pdf.mkii
[Loading MPS to PDF converter (version 2006.09.02).]
\scratchcounter=\count162
\scratchdimen=\dimen182
\scratchbox=\box41
\nofMPsegments=\count163
\nofMParguments=\count164
\everyMPshowfont=\toks50
\MPscratchCnt=\count165
\MPscratchDim=\dimen183
\MPnumerator=\count166
\makeMPintoPDFobject=\count167
\everyMPtoPDFconversion=\toks51
) (/usr/share/texlive/texmf-dist/tex/latex/oberdiek/epstopdf-base.sty
Package: epstopdf-base 2010/02/09 v2.5 Base part for package epstopdf

(/usr/share/texlive/texmf-dist/tex/latex/oberdiek/grfext.sty
Package: grfext 2010/08/19 v1.1 Manage graphics extensions (HO)
)
Package grfext Info: Graphics extension search list:
(grfext)             [.png,.pdf,.jpg,.mps,.jpeg,.jbig2,.jb2,.PNG,.PDF,.JPG,.JPE
G,.JBIG2,.JB2,.eps]
(grfext)             \AppendGraphicsExtensions on input line 452.

(/usr/share/texlive/texmf-dist/tex/latex/latexconfig/epstopdf-sys.cfg
File: epstopdf-sys.cfg 2010/07/13 v1.3 Configuration of (r)epstopdf for TeX Liv
e
))
*geometry* driver: auto-detecting
*geometry* detected driver: pdftex
*geometry* verbose mode - [ preamble ] result:
* driver: pdftex
* paper: a4paper
* layout: <same size as paper>
* layoutoffset:(h,v)=(0.0pt,0.0pt)
* modes: 
* h-part:(L,W,R)=(85.35826pt, 426.79135pt, 85.35826pt)
* v-part:(T,H,B)=(85.35826pt, 702.78308pt, 56.9055pt)
* \paperwidth=597.50787pt
* \paperheight=845.04684pt
* \textwidth=426.79135pt
* \textheight=702.78308pt
* \oddsidemargin=13.08827pt
* \evensidemargin=13.08827pt
* \topmargin=-23.91173pt
* \headheight=12.0pt
* \headsep=25.0pt
* \topskip=11.0pt
* \footskip=30.0pt
* \marginparwidth=49.79231pt
* \marginparsep=10.0pt
* \columnsep=10.0pt
* \skip\footins=10.0pt plus 4.0pt minus 2.0pt
* \hoffset=0.0pt
* \voffset=0.0pt
* \mag=1000
* \@twocolumnfalse
* \@twosidefalse
* \@mparswitchfalse
* \@reversemarginfalse
* (1in=72.27pt=25.4mm, 1cm=28.453pt)

ABD: EveryShipout initializing macros
\AtBeginShipoutBox=\box42
Package hyperref Info: Link coloring ON on input line 66.

(/usr/share/texlive/texmf-dist/tex/latex/hyperref/nameref.sty
Package: nameref 2012/10/27 v2.43 Cross-referencing by name of section

(/usr/share/texlive/texmf-dist/tex/generic/oberdiek/gettitlestring.sty
Package: gettitlestring 2010/12/03 v1.4 Cleanup title references (HO)
)
\c@section@level=\count168
)
LaTeX Info: Redefining \ref on input line 66.
LaTeX Info: Redefining \pageref on input line 66.
LaTeX Info: Redefining \nameref on input line 66.

(./main.out) (./main.out)
\@outlinefile=\write4
\openout4 = `main.out'.

Package caption Info: Begin \AtBeginDocument code.
Package caption Info: float package is loaded.
Package caption Info: End \AtBeginDocument code.
 (./Cover.tex
<images/Logo-pol.jpg, id=272, 1011.78pt x 952.55875pt>
File: images/Logo-pol.jpg Graphic file (type jpg)

<use images/Logo-pol.jpg>
Package pdftex.def Info: images/Logo-pol.jpg used on input line 16.
(pdftex.def)             Requested size: 113.81102pt x 107.13643pt.
 [1

{/var/lib/texmf/fonts/map/pdftex/updmap/pdftex.map} <./images/Logo-pol.jpg>])pd
fTeX warning (ext4): destination with the same identifier (name{page.i}) has be
en already used, duplicate ignored
<to be read again> 
                   \relax 
l.71 \blankpage
                [1

] (./abstract.tex
LaTeX Font Info:    Try loading font information for U+msa on input line 3.

(/usr/share/texlive/texmf-dist/tex/latex/amsfonts/umsa.fd
File: umsa.fd 2013/01/14 v3.01 AMS symbols A
)
LaTeX Font Info:    Try loading font information for U+msb on input line 3.

(/usr/share/texlive/texmf-dist/tex/latex/amsfonts/umsb.fd
File: umsb.fd 2013/01/14 v3.01 AMS symbols B
)) [2

] [3] [4]
(./estratto_italiano.tex
(/usr/share/texlive/texmf-dist/tex/latex/ucs/data/uni-0.def
File: uni-0.def 2013/05/13 UCS: Unicode data U+0000..U+00FF
) [5

]) [6] [7]
(./acknowledgements.tex) [8

] [9] (./main.toc [10

] [11])
\tf@toc=\write5
\openout5 = `main.toc'.

 [12] (./main.lof
[13

] [14])
\tf@lof=\write6
\openout6 = `main.lof'.

 [15] (./main.loa)
\tf@loa=\write7
\openout7 = `main.loa'.

 [16

]
Chapter 1.
(./chapters/chapter01.tex
(/usr/share/texlive/texmf-dist/tex/latex/ucs/data/uni-32.def
File: uni-32.def 2013/05/13 UCS: Unicode data U+2000..U+20FF
) [1

] [2] [3])
[4]
Chapter 2.
(./chapters/chapter02.tex <images/RL.png, id=637, 853.1875pt x 394.47375pt>
File: images/RL.png Graphic file (type png)

<use images/RL.png>
Package pdftex.def Info: images/RL.png used on input line 3.
(pdftex.def)             Requested size: 426.79135pt x 197.33269pt.
 [5

] [6 <./images/RL.png>] [7]
LaTeX Font Info:    Try loading font information for OMS+cmr on input line 24.

(/usr/share/texlive/texmf-dist/tex/latex/base/omscmr.fd
File: omscmr.fd 2014/09/29 v2.5h Standard LaTeX font definitions
)
LaTeX Font Info:    Font shape `OMS/cmr/m/n' in size <10.95> not available
(Font)              Font shape `OMS/cmsy/m/n' tried instead on input line 24.

(/usr/share/texlive/texmf-dist/tex/latex/ucs/data/uni-34.def
File: uni-34.def 2013/05/13 UCS: Unicode data U+2200..U+22FF
) [8] [9] [10]
[11] [12] [13]
LaTeX Font Info:    Font shape `OMS/cmr/m/it' in size <10.95> not available
(Font)              Font shape `OMS/cmsy/m/n' tried instead on input line 181.
 [14]
<images/policy_iteration.jpg, id=754, 640.3925pt x 360.34625pt>
File: images/policy_iteration.jpg Graphic file (type jpg)

<use images/policy_iteration.jpg>
Package pdftex.def Info: images/policy_iteration.jpg used on input line 209.
(pdftex.def)             Requested size: 426.79135pt x 240.15509pt.
 [15] [16 <./images/policy_iteration.jpg>]
[17] [18] [19]
Package hyperref Info: bookmark level for unknown algorithm defaults to 0 on in
put line 304.
 [20] <images/space_invaders.jpg, id=815, 1365.1pt x 722.7pt>
File: images/space_invaders.jpg Graphic file (type jpg)

<use images/space_invaders.jpg>
Package pdftex.def Info: images/space_invaders.jpg used on input line 332.
(pdftex.def)             Requested size: 426.79135pt x 225.94243pt.
 [21] [22 <./images/space_invaders.jpg>]
[23] [24] [25]) [26]
Chapter 3.
(./chapters/chapter03.tex [27

] [28] [29] [30] [31] [32] [33] [34] [35]
<images/q_value_sampling.png, id=968, 946.53625pt x 363.3575pt>
File: images/q_value_sampling.png Graphic file (type png)

<use images/q_value_sampling.png>
Package pdftex.def Info: images/q_value_sampling.png used on input line 151.
(pdftex.def)             Requested size: 426.79135pt x 163.83647pt.
 [36] [37 <./images/q_value_sampling.png>]
[38] <images/BDQN_Architecture.png, id=1017, 909.3975pt x 528.97626pt>
File: images/BDQN_Architecture.png Graphic file (type png)

<use images/BDQN_Architecture.png>
Package pdftex.def Info: images/BDQN_Architecture.png used on input line 202.
(pdftex.def)             Requested size: 426.79135pt x 248.25565pt.
 [39] [40 <./images/BDQN_Architecture.png>]
[41] [42]
<images/distributional_bellman_operator.png, id=1071, 624.3325pt x 309.155pt>
File: images/distributional_bellman_operator.png Graphic file (type png)

<use images/distributional_bellman_operator.png>
Package pdftex.def Info: images/distributional_bellman_operator.png used on inp
ut line 269.
(pdftex.def)             Requested size: 426.79135pt x 211.3406pt.
 [43 <./images/distributional_bellman_operator.png>] [44] [45] [46]) [47]
Chapter 4.
(./chapters/chapter04.tex
Overfull \hbox (7.4536pt too wide) in paragraph at lines 6--7
[]\T1/cmr/m/n/10.95 We rep-re-sent the un-cer-tainty we have about the Q-value 
es-ti-mates, us-ing a \T1/cmr/m/it/10.95 Q-distribution\T1/cmr/m/n/10.95 ,
 []

[48

] <images/q_distribution_behaviour.jpg, id=1138, 174.8934pt x 83.3514pt>
File: images/q_distribution_behaviour.jpg Graphic file (type jpg)

<use images/q_distribution_behaviour.jpg>
Package pdftex.def Info: images/q_distribution_behaviour.jpg used on input line
 31.
(pdftex.def)             Requested size: 426.79135pt x 203.42155pt.
 [49] [50 <./images/q_distribution_behaviour.jpg>]
LaTeX Font Info:    Try loading font information for U+dsrom on input line 75.
 (/usr/share/texlive/texmf-dist/tex/latex/doublestroke/Udsrom.fd
File: Udsrom.fd 1995/08/01 v0.1 Double stroke roman font definitions
)
[51] [52] [53] [54]
<images/q_distributions.jpg, id=1210, 149.358pt x 81.1833pt>
File: images/q_distributions.jpg Graphic file (type jpg)

<use images/q_distributions.jpg>
Package pdftex.def Info: images/q_distributions.jpg used on input line 192.
(pdftex.def)             Requested size: 426.79135pt x 232.00287pt.
 [55 <./images/q_distributions.jpg>] [56]
[57] [58] <images/particles.png, id=1250, 777.90625pt x 309.155pt>
File: images/particles.png Graphic file (type png)

<use images/particles.png>
Package pdftex.def Info: images/particles.png used on input line 283.
(pdftex.def)             Requested size: 426.79135pt x 169.62064pt.
) [59 <./images/particles.png>] [60]
Chapter 5.
(./chapters/chapter05.tex [61

] [62]
<images/chain_domain.png, id=1284, 664.4825pt x 179.67125pt>
File: images/chain_domain.png Graphic file (type png)

<use images/chain_domain.png>
Package pdftex.def Info: images/chain_domain.png used on input line 31.
(pdftex.def)             Requested size: 426.79135pt x 115.40317pt.

<images/Chain/learning_curve.pdf, id=1287, 674.33235pt x 341.77905pt>
File: images/Chain/learning_curve.pdf Graphic file (type pdf)

<use images/Chain/learning_curve.pdf>
Package pdftex.def Info: images/Chain/learning_curve.pdf used on input line 36.

(pdftex.def)             Requested size: 426.79135pt x 216.31802pt.

<images/Chain/particles_weighted-weighted.pdf, id=1289, 722.7pt x 361.35pt>
File: images/Chain/particles_weighted-weighted.pdf Graphic file (type pdf)

<use images/Chain/particles_weighted-weighted.pdf>
Package pdftex.def Info: images/Chain/particles_weighted-weighted.pdf used on i
nput line 45.
(pdftex.def)             Requested size: 426.79135pt x 213.39867pt.

<images/Chain/particles_vpi-mean.pdf, id=1290, 722.7pt x 361.35pt>
File: images/Chain/particles_vpi-mean.pdf Graphic file (type pdf)

<use images/Chain/particles_vpi-mean.pdf>
Package pdftex.def Info: images/Chain/particles_vpi-mean.pdf used on input line
 54.
(pdftex.def)             Requested size: 426.79135pt x 213.39867pt.
 [63 <./images/chain_domain.png>]
<images/Chain/std_weighted-weighted.pdf, id=1296, 722.7pt x 361.35pt>
File: images/Chain/std_weighted-weighted.pdf Graphic file (type pdf)

<use images/Chain/std_weighted-weighted.pdf>
Package pdftex.def Info: images/Chain/std_weighted-weighted.pdf used on input l
ine 67.
(pdftex.def)             Requested size: 426.79135pt x 213.39867pt.

<images/Chain/std_vpi-mean.pdf, id=1297, 722.7pt x 361.35pt>
File: images/Chain/std_vpi-mean.pdf Graphic file (type pdf)

<use images/Chain/std_vpi-mean.pdf>
Package pdftex.def Info: images/Chain/std_vpi-mean.pdf used on input line 76.
(pdftex.def)             Requested size: 426.79135pt x 213.39867pt.
 [64 <./images/Chain/learning_curve.pdf>]
[65 <./images/Chain/particles_weighted-weighted.pdf> <./images/Chain/particles_
vpi-mean.pdf

pdfTeX warning: pdflatex (file ./images/Chain/particles_vpi-mean.pdf): PDF incl
usion: multiple pdfs with page group included in a single page
>] [66 <./images/Chain/std_weighted-weighted.pdf> <./images/Chain/std_vpi-mean.
pdf

pdfTeX warning: pdflatex (file ./images/Chain/std_vpi-mean.pdf): PDF inclusion:
 multiple pdfs with page group included in a single page
>] <images/Chain/prob_weighted-weighted.pdf, id=1444, 722.7pt x 361.35pt>
File: images/Chain/prob_weighted-weighted.pdf Graphic file (type pdf)

<use images/Chain/prob_weighted-weighted.pdf>
Package pdftex.def Info: images/Chain/prob_weighted-weighted.pdf used on input 
line 85.
(pdftex.def)             Requested size: 426.79135pt x 213.39867pt.

<images/loop_domain.png, id=1448, 635.37375pt x 294.09875pt>
File: images/loop_domain.png Graphic file (type png)

<use images/loop_domain.png>
Package pdftex.def Info: images/loop_domain.png used on input line 94.
(pdftex.def)             Requested size: 426.79135pt x 197.55672pt.

<images/Loop/learning_curve.pdf, id=1451, 669.33235pt x 341.77905pt>
File: images/Loop/learning_curve.pdf Graphic file (type pdf)

<use images/Loop/learning_curve.pdf>
Package pdftex.def Info: images/Loop/learning_curve.pdf used on input line 99.
(pdftex.def)             Requested size: 426.79135pt x 217.93471pt.
 [67 <./images/Chain/prob_weighted-weighted.pdf>] [68 <./images/loop_domain.png
> <./images/Loop/learning_curve.pdf>]
<images/Loop/particles_weighted-weighted.pdf, id=1493, 722.7pt x 361.35pt>
File: images/Loop/particles_weighted-weighted.pdf Graphic file (type pdf)

<use images/Loop/particles_weighted-weighted.pdf>
Package pdftex.def Info: images/Loop/particles_weighted-weighted.pdf used on in
put line 108.
(pdftex.def)             Requested size: 426.79135pt x 213.39867pt.

<images/Loop/particles_vpi-mean.pdf, id=1494, 722.7pt x 361.35pt>
File: images/Loop/particles_vpi-mean.pdf Graphic file (type pdf)

<use images/Loop/particles_vpi-mean.pdf>
Package pdftex.def Info: images/Loop/particles_vpi-mean.pdf used on input line 
117.
(pdftex.def)             Requested size: 426.79135pt x 213.39867pt.

<images/Loop/std_weighted-weighted.pdf, id=1498, 722.7pt x 361.35pt>
File: images/Loop/std_weighted-weighted.pdf Graphic file (type pdf)

<use images/Loop/std_weighted-weighted.pdf>
Package pdftex.def Info: images/Loop/std_weighted-weighted.pdf used on input li
ne 129.
(pdftex.def)             Requested size: 426.79135pt x 213.39867pt.

<images/Loop/std_vpi-mean.pdf, id=1499, 722.7pt x 361.35pt>
File: images/Loop/std_vpi-mean.pdf Graphic file (type pdf)

<use images/Loop/std_vpi-mean.pdf>
Package pdftex.def Info: images/Loop/std_vpi-mean.pdf used on input line 138.
(pdftex.def)             Requested size: 426.79135pt x 213.39867pt.

<images/Loop/prob_weighted-weighted.pdf, id=1501, 722.7pt x 361.35pt>
File: images/Loop/prob_weighted-weighted.pdf Graphic file (type pdf)

<use images/Loop/prob_weighted-weighted.pdf>
Package pdftex.def Info: images/Loop/prob_weighted-weighted.pdf used on input l
ine 148.
(pdftex.def)             Requested size: 426.79135pt x 213.39867pt.

<images/taxi_domain.png, id=1504, 525.965pt x 367.3725pt>
File: images/taxi_domain.png Graphic file (type png)

<use images/taxi_domain.png>
Package pdftex.def Info: images/taxi_domain.png used on input line 157.
(pdftex.def)             Requested size: 298.75264pt x 208.67575pt.

<images/Taxi/learning_curve.pdf, id=1507, 679.88795pt x 341.77905pt>
File: images/Taxi/learning_curve.pdf Graphic file (type pdf)

<use images/Taxi/learning_curve.pdf>
Package pdftex.def Info: images/Taxi/learning_curve.pdf used on input line 162.

(pdftex.def)             Requested size: 426.79135pt x 214.5501pt.
 [69] [70 <./images/Loop/particles_weighted-weighted.pdf> <./images/Loop/partic
les_vpi-mean.pdf

pdfTeX warning: pdflatex (file ./images/Loop/particles_vpi-mean.pdf): PDF inclu
sion: multiple pdfs with page group included in a single page
>] [71 <./images/Loop/std_weighted-weighted.pdf> <./images/Loop/std_vpi-mean.pd
f

pdfTeX warning: pdflatex (file ./images/Loop/std_vpi-mean.pdf): PDF inclusion: 
multiple pdfs with page group included in a single page
>] [72 <./images/Loop/prob_weighted-weighted.pdf> <./images/taxi_domain.png>]
[73 <./images/Taxi/learning_curve.pdf>]
<images/riverswim_domain.jpeg, id=1691, 744.7825pt x 217.81375pt>
File: images/riverswim_domain.jpeg Graphic file (type jpg)

<use images/riverswim_domain.jpeg>
Package pdftex.def Info: images/riverswim_domain.jpeg used on input line 171.
(pdftex.def)             Requested size: 426.79135pt x 124.81982pt.

<images/RiverSwim/learning_curve.pdf, id=1694, 684.33241pt x 341.77905pt>
File: images/RiverSwim/learning_curve.pdf Graphic file (type pdf)

<use images/RiverSwim/learning_curve.pdf>
Package pdftex.def Info: images/RiverSwim/learning_curve.pdf used on input line
 176.
(pdftex.def)             Requested size: 426.79135pt x 213.15765pt.

<images/RiverSwim/particles_weighted-weighted.pdf, id=1696, 722.7pt x 361.35pt>
File: images/RiverSwim/particles_weighted-weighted.pdf Graphic file (type pdf)
<use images/RiverSwim/particles_weighted-weighted.pdf>
Package pdftex.def Info: images/RiverSwim/particles_weighted-weighted.pdf used 
on input line 185.
(pdftex.def)             Requested size: 426.79135pt x 213.39867pt.

<images/RiverSwim/particles_vpi-mean.pdf, id=1697, 722.7pt x 361.35pt>
File: images/RiverSwim/particles_vpi-mean.pdf Graphic file (type pdf)

<use images/RiverSwim/particles_vpi-mean.pdf>
Package pdftex.def Info: images/RiverSwim/particles_vpi-mean.pdf used on input 
line 194.
(pdftex.def)             Requested size: 426.79135pt x 213.39867pt.
 [74 <./images/riverswim_domain.jpeg> <./images/RiverSwim/learning_curve.pdf>] 
[75 <./images/RiverSwim/particles_weighted-weighted.pdf> <./images/RiverSwim/pa
rticles_vpi-mean.pdf

pdfTeX warning: pdflatex (file ./images/RiverSwim/particles_vpi-mean.pdf): PDF 
inclusion: multiple pdfs with page group included in a single page
>] <images/RiverSwim/std_weighted-weighted.pdf, id=1776, 722.7pt x 361.35pt>
File: images/RiverSwim/std_weighted-weighted.pdf Graphic file (type pdf)

<use images/RiverSwim/std_weighted-weighted.pdf>
Package pdftex.def Info: images/RiverSwim/std_weighted-weighted.pdf used on inp
ut line 206.
(pdftex.def)             Requested size: 426.79135pt x 213.39867pt.

<images/RiverSwim/std_vpi-mean.pdf, id=1777, 722.7pt x 361.35pt>
File: images/RiverSwim/std_vpi-mean.pdf Graphic file (type pdf)

<use images/RiverSwim/std_vpi-mean.pdf>
Package pdftex.def Info: images/RiverSwim/std_vpi-mean.pdf used on input line 2
15.
(pdftex.def)             Requested size: 426.79135pt x 213.39867pt.

<images/RiverSwim/prob_weighted-weighted.pdf, id=1779, 722.7pt x 361.35pt>
File: images/RiverSwim/prob_weighted-weighted.pdf Graphic file (type pdf)

<use images/RiverSwim/prob_weighted-weighted.pdf>
Package pdftex.def Info: images/RiverSwim/prob_weighted-weighted.pdf used on in
put line 225.
(pdftex.def)             Requested size: 426.79135pt x 213.39867pt.

<images/sixarms_domain.png, id=1782, 756.8275pt x 467.7475pt>
File: images/sixarms_domain.png Graphic file (type png)

<use images/sixarms_domain.png>
Package pdftex.def Info: images/sixarms_domain.png used on input line 233.
(pdftex.def)             Requested size: 426.79135pt x 263.77107pt.

<images/SixArms/learning_curve.pdf, id=1786, 689.33241pt x 341.77905pt>
File: images/SixArms/learning_curve.pdf Graphic file (type pdf)

<use images/SixArms/learning_curve.pdf>
Package pdftex.def Info: images/SixArms/learning_curve.pdf used on input line 2
39.
(pdftex.def)             Requested size: 426.79135pt x 211.60876pt.

<images/knightquest_domain.png, id=1789, 390.45876pt x 312.16624pt>
File: images/knightquest_domain.png Graphic file (type png)

<use images/knightquest_domain.png>
Package pdftex.def Info: images/knightquest_domain.png used on input line 246.
(pdftex.def)             Requested size: 284.52756pt x 227.48412pt.
 [76] [77 <./images/RiverSwim/std_weighted-weighted.pdf> <./images/RiverSwim/st
d_vpi-mean.pdf

pdfTeX warning: pdflatex (file ./images/RiverSwim/std_vpi-mean.pdf): PDF inclus
ion: multiple pdfs with page group included in a single page
>] [78 <./images/RiverSwim/prob_weighted-weighted.pdf> <./images/sixarms_domain
.png>] [79 <./images/SixArms/learning_curve.pdf> <./images/knightquest_domain.p
ng>] [80]
<images/KnightQuest/learning_curve.pdf, id=1908, 687.11018pt x 341.77905pt>
File: images/KnightQuest/learning_curve.pdf Graphic file (type pdf)

<use images/KnightQuest/learning_curve.pdf>
Package pdftex.def Info: images/KnightQuest/learning_curve.pdf used on input li
ne 282.
(pdftex.def)             Requested size: 426.79135pt x 212.29195pt.
 [81 <./images/KnightQuest/learning_curve.pdf>] [82] <images/breakout_frame.jpe
g, id=1938, 426.59375pt x 281.05pt>
File: images/breakout_frame.jpeg Graphic file (type jpg)

<use images/breakout_frame.jpeg>
Package pdftex.def Info: images/breakout_frame.jpeg used on input line 302.
(pdftex.def)             Requested size: 298.75264pt x 196.83656pt.

<images/Breakout/learning_curve.pdf, id=1939, 621.87997pt x 333.91582pt>
File: images/Breakout/learning_curve.pdf Graphic file (type pdf)

<use images/Breakout/learning_curve.pdf>
Package pdftex.def Info: images/Breakout/learning_curve.pdf used on input line 
307.
(pdftex.def)             Requested size: 426.79135pt x 229.16403pt.
 [83] [84 <./images/breakout_frame.jpeg> <./images/Breakout/learning_curve.pdf>
]
<images/montezuma_revenge_frame.jpg, id=1964, 1445.4pt x 1084.05pt>
File: images/montezuma_revenge_frame.jpg Graphic file (type jpg)

<use images/montezuma_revenge_frame.jpg>
Package pdftex.def Info: images/montezuma_revenge_frame.jpg used on input line 
314.
(pdftex.def)             Requested size: 298.75264pt x 224.06776pt.

<images/Montezuma/learning_curve.pdf, id=1967, 624.65775pt x 333.91582pt>
File: images/Montezuma/learning_curve.pdf Graphic file (type pdf)

<use images/Montezuma/learning_curve.pdf>
Package pdftex.def Info: images/Montezuma/learning_curve.pdf used on input line
 321.
(pdftex.def)             Requested size: 426.79135pt x 228.1552pt.
) [85 <./images/montezuma_revenge_frame.jpg>] [86 <./images/Montezuma/learning_
curve.pdf>]
Chapter 6.
(./chapters/chapter06.tex [87

]) (./main.bbl [88] [89

]
LaTeX Font Info:    Try loading font information for T1+cmtt on input line 124.


(/usr/share/texlive/texmf-dist/tex/latex/base/t1cmtt.fd
File: t1cmtt.fd 2014/09/29 v2.5h Standard LaTeX font definitions
) [90] [91] [92]
[93]) [94]
Appendix A.
(./appendixA.tex
<images/Chain/double_learning_curve.pdf, id=2031, 674.33235pt x 341.77905pt>
File: images/Chain/double_learning_curve.pdf Graphic file (type pdf)

<use images/Chain/double_learning_curve.pdf>
Package pdftex.def Info: images/Chain/double_learning_curve.pdf used on input l
ine 4.
(pdftex.def)             Requested size: 426.79135pt x 216.31802pt.

<images/Loop/double_learning_curve.pdf, id=2032, 669.33235pt x 341.77905pt>
File: images/Loop/double_learning_curve.pdf Graphic file (type pdf)

<use images/Loop/double_learning_curve.pdf>
Package pdftex.def Info: images/Loop/double_learning_curve.pdf used on input li
ne 9.
(pdftex.def)             Requested size: 426.79135pt x 217.93471pt.
 [95

 <./images/Chain/double_learning_curve.pdf>]
<images/Taxi/double_learning_curve.pdf, id=2046, 679.88795pt x 341.77905pt>
File: images/Taxi/double_learning_curve.pdf Graphic file (type pdf)

<use images/Taxi/double_learning_curve.pdf>
Package pdftex.def Info: images/Taxi/double_learning_curve.pdf used on input li
ne 14.
(pdftex.def)             Requested size: 426.79135pt x 214.5501pt.

<images/RiverSwim/double_learning_curve.pdf, id=2047, 684.33241pt x 341.77905pt
>
File: images/RiverSwim/double_learning_curve.pdf Graphic file (type pdf)
 <use images/RiverSwim/double_learning_curve.pdf>
Package pdftex.def Info: images/RiverSwim/double_learning_curve.pdf used on inp
ut line 19.
(pdftex.def)             Requested size: 426.79135pt x 213.15765pt.
 [96 <./images/Loop/double_learning_curve.pdf> <./images/Taxi/double_learning_c
urve.pdf

pdfTeX warning: pdflatex (file ./images/Taxi/double_learning_curve.pdf): PDF in
clusion: multiple pdfs with page group included in a single page
>]
<images/SixArms/double_learning_curve.pdf, id=2076, 689.33241pt x 341.77905pt>
File: images/SixArms/double_learning_curve.pdf Graphic file (type pdf)

<use images/SixArms/double_learning_curve.pdf>
Package pdftex.def Info: images/SixArms/double_learning_curve.pdf used on input
 line 24.
(pdftex.def)             Requested size: 426.79135pt x 211.60876pt.

<images/KnightQuest/double_learning_curve.pdf, id=2077, 687.11018pt x 341.77905
pt>
File: images/KnightQuest/double_learning_curve.pdf Graphic file (type pdf)
 <use images/KnightQuest/double_learning_curve.pdf>
Package pdftex.def Info: images/KnightQuest/double_learning_curve.pdf used on i
nput line 29.
(pdftex.def)             Requested size: 426.79135pt x 212.29195pt.
) [97 <./images/RiverSwim/double_learning_curve.pdf> <./images/SixArms/double_l
earning_curve.pdf

pdfTeX warning: pdflatex (file ./images/SixArms/double_learning_curve.pdf): PDF
 inclusion: multiple pdfs with page group included in a single page
>] [98 <./images/KnightQuest/double_learning_curve.pdf>]
Package atveryend Info: Empty hook `BeforeClearDocument' on input line 107.
Package atveryend Info: Empty hook `AfterLastShipout' on input line 107.
 (./main.aux)
Package atveryend Info: Executing hook `AtVeryEndDocument' on input line 107.
Package atveryend Info: Executing hook `AtEndAfterFileList' on input line 107.
Package rerunfilecheck Info: File `main.out' has not changed.
(rerunfilecheck)             Checksum: CB67C2364FFA99EA3D6AEC0336F2CB8A;4783.
Package atveryend Info: Empty hook `AtVeryVeryEnd' on input line 107.
 ) 
Here is how much of TeX's memory you used:
 21862 strings out of 494910
 391410 string characters out of 6179837
 459649 words of memory out of 5000000
 24195 multiletter control sequences out of 15000+600000
 31820 words of font info for 92 fonts, out of 8000000 for 9000
 36 hyphenation exceptions out of 8191
 62i,17n,92p,2017b,562s stack positions out of 5000i,500n,10000p,200000b,80000s
 </home/amarildo/.texmf-var/fonts/pk/ljfour/jknappen/ec/ectt1095.600pk> </hom
e/amarildo/.texmf-var/fonts/pk/ljfour/jknappen/ec/ecti1000.600pk> </home/amaril
do/.texmf-var/fonts/pk/ljfour/jknappen/ec/ecrm0900.600pk> </home/amarildo/.texm
f-var/fonts/pk/ljfour/jknappen/ec/ecrm0600.600pk> </home/amarildo/.texmf-var/fo
nts/pk/ljfour/jknappen/ec/ecrm0800.600pk> </home/amarildo/.texmf-var/fonts/pk/l
jfour/jknappen/ec/ecrm1000.600pk> </home/amarildo/.texmf-var/fonts/pk/ljfour/jk
nappen/ec/ecti1095.600pk> </home/amarildo/.texmf-var/fonts/pk/ljfour/jknappen/e
c/ecrm1095.600pk> </home/amarildo/.texmf-var/fonts/pk/ljfour/jknappen/ec/ecbx24
88.600pk> </home/amarildo/.texmf-var/fonts/pk/ljfour/jknappen/ec/ecbx1200.600pk
> </home/amarildo/.texmf-var/fonts/pk/ljfour/jknappen/ec/ecbx2074.600pk> </home
/amarildo/.texmf-var/fonts/pk/ljfour/jknappen/ec/ecbx1095.600pk> </home/amarild
o/.texmf-var/fonts/pk/ljfour/jknappen/ec/ecxc1200.600pk> </home/amarildo/.texmf
-var/fonts/pk/ljfour/jknappen/ec/ecbx1440.600pk></usr/share/texlive/texmf-dist/
fonts/type1/public/amsfonts/cm/cmbx10.pfb></usr/share/texlive/texmf-dist/fonts/
type1/public/amsfonts/cm/cmbx8.pfb></usr/share/texlive/texmf-dist/fonts/type1/p
ublic/amsfonts/cm/cmex10.pfb></usr/share/texlive/texmf-dist/fonts/type1/public/
amsfonts/cmextra/cmex8.pfb></usr/share/texlive/texmf-dist/fonts/type1/public/am
sfonts/cm/cmmi10.pfb></usr/share/texlive/texmf-dist/fonts/type1/public/amsfonts
/cm/cmmi6.pfb></usr/share/texlive/texmf-dist/fonts/type1/public/amsfonts/cm/cmm
i8.pfb></usr/share/texlive/texmf-dist/fonts/type1/public/amsfonts/cm/cmmib10.pf
b></usr/share/texlive/texmf-dist/fonts/type1/public/amsfonts/cm/cmr10.pfb></usr
/share/texlive/texmf-dist/fonts/type1/public/amsfonts/cm/cmr12.pfb></usr/share/
texlive/texmf-dist/fonts/type1/public/amsfonts/cm/cmr17.pfb></usr/share/texlive
/texmf-dist/fonts/type1/public/amsfonts/cm/cmr6.pfb></usr/share/texlive/texmf-d
ist/fonts/type1/public/amsfonts/cm/cmr8.pfb></usr/share/texlive/texmf-dist/font
s/type1/public/amsfonts/cm/cmsy10.pfb></usr/share/texlive/texmf-dist/fonts/type
1/public/amsfonts/cm/cmsy6.pfb></usr/share/texlive/texmf-dist/fonts/type1/publi
c/amsfonts/cm/cmsy7.pfb></usr/share/texlive/texmf-dist/fonts/type1/public/amsfo
nts/cm/cmsy8.pfb></usr/share/texlive/texmf-dist/fonts/type1/public/doublestroke
/dsrom10.pfb></usr/share/texlive/texmf-dist/fonts/type1/public/amsfonts/symbols
/msbm10.pfb>
Output written on main.pdf (115 pages, 4199046 bytes).
PDF statistics:
 2845 PDF objects out of 2984 (max. 8388607)
 1757 compressed objects within 18 object streams
 446 named destinations out of 1000 (max. 500000)
 776 words of extra memory for PDF output out of 10000 (max. 10000000)

